<?xml version="1.0" encoding="UTF-8"?>
<!-- Generated by org.testng.reporters.JUnitReportReporter -->
<testsuite hostname="SF-CPU-102" failures="0" tests="1" name="TestCases.AddUserDetails" time="0.747" errors="0" timestamp="2025-03-24T17:44:17 IST" skipped="0">
  <testcase classname="TestCases.AddUserDetails" name="addCustomer" time="0.747"/>
  <system-out/>
</testsuite> <!-- TestCases.AddUserDetails -->
