<?xml version="1.0" encoding="UTF-8"?>
<!-- Generated by org.testng.reporters.JUnitReportReporter -->
<testsuite hostname="SF-CPU-102" failures="0" tests="1" name="TestCases.loginTestCases" time="1.136" errors="0" timestamp="2025-03-24T17:40:36 IST" skipped="0">
  <testcase classname="TestCases.loginTestCases" name="testLogin" time="1.136"/>
  <system-out/>
</testsuite> <!-- TestCases.loginTestCases -->
